<?xml version="1.0" encoding="UTF-8"?>
<!-- Generated by org.testng.reporters.JUnitReportReporter -->
<testsuite skipped="0" hostname="acer-PC" name="com.actitime.scripts.LoginTest" tests="2" failures="0" timestamp="18 Jan 2020 11:27:30 GMT" time="16.270" errors="0">
  <testcase name="validLogin" time="8.708" classname="com.actitime.scripts.LoginTest"/>
  <testcase name="invalidLogin" time="7.562" classname="com.actitime.scripts.LoginTest"/>
</testsuite> <!-- com.actitime.scripts.LoginTest -->
