<?xml version="1.0" encoding="UTF-8"?>
<!-- Generated by org.testng.reporters.JUnitReportReporter -->
<testsuite skipped="2" hostname="acer-PC" name="com.actitime.scripts.TaskTest" tests="4" failures="0" timestamp="18 Jan 2020 11:27:30 GMT" time="31.192" errors="0">
  <testcase name="createCustomer" time="18.363" classname="com.actitime.scripts.TaskTest"/>
  <testcase name="deleteCustomer" time="12.829" classname="com.actitime.scripts.TaskTest"/>
  <testcase name="deleteProject" classname="com.actitime.scripts.TaskTest">
    <skipped/>
  </testcase> <!-- deleteProject -->
  <testcase name="createProject" classname="com.actitime.scripts.TaskTest">
    <skipped/>
  </testcase> <!-- createProject -->
</testsuite> <!-- com.actitime.scripts.TaskTest -->
